2023-06-19 09:27:51 DEBUG Status is RUNNING
2023-06-19 09:27:51 DEBUG Custom Process
2023-06-19 09:27:51 DEBUG myLine: John,Doe,30,consultant,xx1
2023-06-19 09:27:51 DEBUG myLine: Jane,Smith,25,employee,xx2
2023-06-19 09:27:51 DEBUG myLine: David,Johnson,35,employee,xx3
2023-06-19 09:27:51 DEBUG myLine: Sarah,Williams,28,consultant,xx4
2023-06-19 09:27:51 DEBUG myLine: Michael,Brown,32,employee,xx5
2023-06-19 09:27:51 DEBUG myLine: Emily,Jones,29,consultant,xx6
2023-06-19 09:27:51 DEBUG myLine: Matthew,Taylor,31,employee,xx7
2023-06-19 09:27:51 DEBUG myLine: Samantha,Anderson,27,consultant,xx8
2023-06-19 09:27:51 DEBUG myLine: Andrew,Thomas,33,employee,xx9
2023-06-19 09:27:51 DEBUG myLine: Amanda,White,26,consultant,xx10
2023-06-19 09:27:51 DEBUG myLine: Christopher,Harris,30,employee,xx11
2023-06-19 09:27:51 DEBUG myLine: Stephanie,Clark,28,consultant,xx12
2023-06-19 09:27:51 DEBUG myLine: Matthew,Roberts,33,employee,xx13
2023-06-19 09:27:51 DEBUG myLine: Rebecca,King,26,consultant,xx14
2023-06-19 09:27:51 DEBUG myLine: Benjamin,Wright,32,employee,xx15
2023-06-19 09:27:51 DEBUG myLine: Amanda,Thompson,29,consultant,xx16
2023-06-19 09:27:51 DEBUG myLine: Jason,Turner,31,employee,xx17
2023-06-19 09:27:51 DEBUG myLine: Michelle,Hall,27,consultant,xx18
2023-06-19 09:27:51 DEBUG myLine: Ryan,Adams,34,employee,xx19
2023-06-19 09:27:51 DEBUG myLine: Jennifer,Lee,25,consultant,xx20
2023-06-19 09:27:51 DEBUG myLine: Joshua,Scott,28,consultant,xx21
2023-06-19 09:27:51 DEBUG myLine: Ashley,Walker,33,employee,xx22
2023-06-19 09:27:51 DEBUG myLine: Daniel,Lewis,30,employee,xx23
2023-06-19 09:27:51 DEBUG myLine: Emily,Green,25,consultant,xx24
2023-06-19 09:27:51 DEBUG myLine: Christopher,Adams,32,employee,xx25
2023-06-19 09:27:51 DEBUG myLine: Sarah,Baker,29,consultant,xx26
2023-06-19 09:27:51 DEBUG myLine: Nathan,Hill,31,employee,xx27
2023-06-19 09:27:51 DEBUG myLine: Amanda,Ross,27,consultant,xx28
2023-06-19 09:27:51 DEBUG myLine: Michael,Morgan,34,employee,xx29
2023-06-19 09:27:51 DEBUG myLine: Jessica,Phillips,26,consultant,xx30
2023-06-19 09:27:51 DEBUG myLine: Brandon,Young,30,employee,xx31
2023-06-19 09:27:51 DEBUG myLine: Samantha,Kelly,28,consultant,xx32
2023-06-19 09:27:51 DEBUG myLine: David,Turner,35,employee,xx33
2023-06-19 09:27:51 DEBUG myLine: Olivia,Wright,32,consultant,xx34
2023-06-19 09:27:51 DEBUG myLine: Robert,Evans,29,consultant,xx35
2023-06-19 09:27:51 DEBUG myLine: Lauren,Robinson,31,employee,xx36
2023-06-19 09:27:51 DEBUG myLine: Justin,Hernandez,27,consultant,xx37
2023-06-19 09:27:51 DEBUG myLine: Alexis,Clark,33,employee,xx38
2023-06-19 09:27:51 DEBUG myLine: Jonathan,Perez,30,consultant,xx39
2023-06-19 09:27:51 DEBUG myLine: Amber,Carter,25,consultant,xx40
2023-06-19 09:27:51 DEBUG myLine: Matthew,Hughes,28,consultant,xx41
2023-06-19 09:27:51 DEBUG myLine: Elizabeth,Cook,33,employee,xx42
2023-06-19 09:27:51 DEBUG myLine: Joshua,Gray,30,employee,xx43
2023-06-19 09:27:51 DEBUG myLine: Emma,Morris,25,consultant,xx44
2023-06-19 09:27:51 DEBUG myLine: Andrew,Thompson,32,employee,xx45
2023-06-19 09:27:51 DEBUG myLine: Hannah,Baker,29,consultant,xx46
2023-06-19 09:27:51 DEBUG myLine: William,Smith,31,employee,xx47
2023-06-19 09:27:51 DEBUG myLine: Sophia,Anderson,27,consultant,xx48
2023-06-19 09:27:51 DEBUG myLine: James,Ross,34,employee,xx49
2023-06-19 09:27:51 DEBUG myLine: Grace,Wright,26,consultant,xx50
2023-06-19 09:27:51 DEBUG myLine: Joseph,Clark,30,employee,xx51
2023-06-19 09:27:51 DEBUG myLine: Avery,White,28,consultant,xx52
2023-06-19 09:27:51 DEBUG myLine: David,Rivera,35,employee,xx53
2023-06-19 09:27:51 DEBUG myLine: Chloe,Hall,32,consultant,xx54
2023-06-19 09:27:51 DEBUG myLine: Michaela,Collins,29,consultant,xx55
2023-06-19 09:27:51 DEBUG myLine: Mason,Johnson,31,employee,xx56
2023-06-19 09:27:51 DEBUG myLine: Olivia,Allen,27,consultant,xx57
2023-06-19 09:27:51 DEBUG myLine: Ethan,Mitchell,33,employee,xx58
2023-06-19 09:27:51 DEBUG myLine: Emily,Parker,30,consultant,xx59
2023-06-19 09:27:51 DEBUG myLine: William,Lopez,25,consultant,xx60
2023-06-19 09:27:51 DEBUG myLine: Abigail,Turner,28,consultant,xx61
2023-06-19 09:27:51 DEBUG myLine: Noah,Gonzalez,33,employee,xx62
2023-06-19 09:27:51 DEBUG myLine: Emily,Hall,30,employee,xx63
2023-06-19 09:27:51 DEBUG myLine: Liam,Carter,25,consultant,xx64
2023-06-19 09:27:51 DEBUG myLine: Mia,Roberts,32,employee,xx65
2023-06-19 09:27:51 DEBUG myLine: Charlotte,Brown,29,consultant,xx66
2023-06-19 09:27:51 DEBUG myLine: Daniel,Anderson,31,employee,xx67
2023-06-19 09:27:51 DEBUG myLine: Ella,Smith,27,consultant,xx68
2023-06-19 09:27:51 DEBUG myLine: Aiden,Kelly,34,employee,xx69
2023-06-19 09:27:51 DEBUG myLine: Sofia,Adams,26,consultant,xx70
2023-06-19 09:27:51 DEBUG myLine: Scarlett,Walker,30,employee,xx71
2023-06-19 09:27:51 DEBUG myLine: Avery,Evans,28,consultant,xx72
2023-06-19 09:27:51 DEBUG myLine: Alexander,Cook,35,employee,xx73
2023-06-19 09:27:51 DEBUG myLine: Victoria,Ross,32,consultant,xx74
2023-06-19 09:27:51 DEBUG myLine: Madison,Allen,29,consultant,xx75
2023-06-19 09:27:51 DEBUG myLine: Leo,Thompson,31,employee,xx76
2023-06-19 09:27:51 DEBUG myLine: Grace,Hernandez,27,consultant,xx77
2023-06-19 09:27:51 DEBUG myLine: Jack,Clark,33,employee,xx78
2023-06-19 09:27:51 DEBUG myLine: Aria,Perez,30,consultant,xx79
2023-06-19 09:27:51 DEBUG myLine: Julian,Hill,25,consultant,xx80
2023-06-19 09:27:51 DEBUG myLine: Harper,Richardson,28,consultant,xx81
2023-06-19 09:27:51 DEBUG myLine: Lucas,Lee,33,employee,xx82
2023-06-19 09:27:51 DEBUG myLine: Evelyn,Morgan,30,employee,xx83
2023-06-19 09:27:51 DEBUG myLine: Lincoln,Mitchell,25,consultant,xx84
2023-06-19 09:27:51 DEBUG myLine: Layla,Jones,32,employee,xx85
2023-06-19 09:27:51 DEBUG myLine: Stella,Robinson,29,consultant,xx86
2023-06-19 09:27:51 DEBUG myLine: Jackson,Williams,31,employee,xx87
2023-06-19 09:27:51 DEBUG myLine: Chloe,Davis,27,consultant,xx88
2023-06-19 09:27:51 DEBUG myLine: Owen,Garcia,34,employee,xx89
2023-06-19 09:27:51 DEBUG myLine: Eleanor,Wright,26,consultant,xx90
2023-06-19 09:27:51 DEBUG myLine: Carter,Turner,30,employee,xx91
2023-06-19 09:27:51 DEBUG myLine: Lily,Collins,28,consultant,xx92
2023-06-19 09:27:51 DEBUG myLine: Gabriel,Taylor,35,employee,xx93
2023-06-19 09:27:51 DEBUG myLine: Hazel,Green,32,consultant,xx94
2023-06-19 09:27:51 DEBUG myLine: Aubrey,Baker,29,consultant,xx95
2023-06-19 09:27:51 DEBUG myLine: Lincoln,Hernandez,31,employee,xx96
2023-06-19 09:27:51 DEBUG myLine: Penelope,Morris,27,consultant,xx97
2023-06-19 09:27:51 DEBUG myLine: Xavier,Hill,33,employee,xx98
2023-06-19 09:27:51 DEBUG myLine: Zoe,Cook,30,consultant,xx99
2023-06-19 09:27:51 DEBUG myLine: Mateo,Roberts,25,consultant,xx100
2023-06-19 09:27:51 DEBUG myLine: Clara,Johnson,32,employee,xx101
2023-06-19 09:27:51 DEBUG myLine: Mila,Clark,29,consultant,xx102
2023-06-19 09:27:51 DEBUG myLine: Ryan,Morgan,31,employee,xx103
2023-06-19 09:27:51 DEBUG myLine: Lila,Perez,27,consultant,xx104
2023-06-19 09:27:51 DEBUG myLine: Caleb,Gonzalez,34,employee,xx105
2023-06-19 09:27:51 DEBUG myLine: Naomi,Ross,26,consultant,xx106
2023-06-19 09:27:51 DEBUG myLine: Eli,Anderson,30,employee,xx107
2023-06-19 09:27:51 DEBUG myLine: Valentina,Allen,28,consultant,xx108
2023-06-19 09:27:51 DEBUG myLine: Evan,White,33,employee,xx109
2023-06-19 09:27:51 DEBUG myLine: Audrey,Walker,30,employee,xx110
2023-06-19 09:27:51 DEBUG myLine: Evelyn,Wilson,28,consultant,xx111
2023-06-19 09:27:51 DEBUG myLine: Jacob,Wright,33,employee,xx112
2023-06-19 09:27:51 DEBUG myLine: Lucy,Gonzalez,30,employee,xx113
2023-06-19 09:27:51 DEBUG myLine: Levi,Ross,25,consultant,xx114
2023-06-19 09:27:51 DEBUG myLine: Aria,Hill,32,employee,xx115
2023-06-19 09:27:51 DEBUG myLine: Nora,Clark,29,consultant,xx116
2023-06-19 09:27:51 DEBUG myLine: Henry,Turner,31,employee,xx117
2023-06-19 09:27:51 DEBUG myLine: Mila,Smith,27,consultant,xx118
2023-06-19 09:27:51 DEBUG myLine: Eliana,Hernandez,34,employee,xx119
2023-06-19 09:27:51 DEBUG myLine: Sebastian,Johnson,26,consultant,xx120
2023-06-19 09:27:51 DEBUG myLine: Eleanor,Adams,30,employee,xx121
2023-06-19 09:27:51 DEBUG myLine: Liam,Jackson,28,consultant,xx122
2023-06-19 09:27:51 DEBUG myLine: Maya,Evans,35,employee,xx123
2023-06-19 09:27:51 DEBUG myLine: Lincoln,Parker,32,consultant,xx124
2023-06-19 09:27:51 DEBUG myLine: Riley,Allen,29,consultant,xx125
2023-06-19 09:27:51 DEBUG myLine: Gabriel,Kelly,31,employee,xx126
2023-06-19 09:27:51 DEBUG myLine: Sophie,Carter,27,consultant,xx127
2023-06-19 09:27:51 DEBUG myLine: Hudson,Morris,33,employee,xx128
2023-06-19 09:27:51 DEBUG myLine: Luna,Brown,30,consultant,xx129
2023-06-19 09:27:51 DEBUG myLine: Oscar,Mitchell,25,consultant,xx130
2023-06-19 09:27:51 DEBUG myLine: Savannah,Cooper,28,consultant,xx131
2023-06-19 09:27:51 DEBUG myLine: David,Walker,33,employee,xx132
2023-06-19 09:27:51 DEBUG myLine: Stella,Richardson,30,employee,xx133
2023-06-19 09:27:51 DEBUG myLine: Dylan,Phillips,25,consultant,xx134
2023-06-19 09:27:51 DEBUG myLine: Anna,Turner,32,employee,xx135
2023-06-19 09:27:51 DEBUG myLine: Zoe,Robinson,29,consultant,xx136
2023-06-19 09:27:51 DEBUG myLine: Julian,Williams,31,employee,xx137
2023-06-19 09:27:51 DEBUG myLine: Audrey,Davis,27,consultant,xx138
2023-06-19 09:27:51 DEBUG myLine: Nolan,Garcia,34,employee,xx139
2023-06-19 09:27:51 DEBUG myLine: Bella,White,26,consultant,xx140
2023-06-19 09:27:51 DEBUG myLine: Axel,Perez,30,employee,xx141
2023-06-19 09:27:51 DEBUG myLine: Lily,Collins,28,consultant,xx142
2023-06-19 09:27:51 DEBUG myLine: Evan,Taylor,35,employee,xx143
2023-06-19 09:27:51 DEBUG myLine: Genesis,Hall,32,consultant,xx144
2023-06-19 09:27:51 DEBUG myLine: Adam,Baker,29,consultant,xx145
2023-06-19 09:27:51 DEBUG myLine: Isaac,Hernandez,31,employee,xx146
2023-06-19 09:27:51 DEBUG myLine: Alexa,Morris,27,consultant,xx147
2023-06-19 09:27:51 DEBUG myLine: Carter,Hill,33,employee,xx148
2023-06-19 09:27:51 DEBUG myLine: Scarlett,Adams,30,consultant,xx149
2023-06-19 09:27:51 DEBUG myLine: Elijah,Gonzalez,25,consultant,xx150
2023-06-19 09:27:51 DEBUG myLine: Aria,Ross,32,employee,xx151
2023-06-19 09:27:51 DEBUG myLine: Gavin,King,29,consultant,xx152
2023-06-19 09:27:51 DEBUG myLine: Aaliyah,Jones,31,employee,xx153
2023-06-19 09:27:51 DEBUG myLine: Nathan,Wilson,27,consultant,xx154
2023-06-19 09:27:51 DEBUG myLine: Grace,Cook,34,employee,xx155
2023-06-19 09:27:51 DEBUG myLine: Paisley,Morgan,26,consultant,xx156
2023-06-19 09:27:51 DEBUG myLine: Isaiah,Anderson,30,employee,xx157
2023-06-19 09:27:51 DEBUG myLine: Brooklyn,Allen,28,consultant,xx158
2023-06-19 09:27:51 DEBUG myLine: Landon,Bell,33,employee,xx159
2023-06-19 09:27:51 DEBUG myLine: Samantha,Walker,30,employee,xx160
2023-06-19 09:27:51 DEBUG myLine: Xander,Collins,28,consultant,xx161
2023-06-19 09:27:51 DEBUG myLine: Autumn,Turner,33,employee,xx162
2023-06-19 09:27:51 DEBUG myLine: Cameron,Robinson,30,employee,xx163
2023-06-19 09:27:51 DEBUG myLine: Madelyn,Hall,25,consultant,xx164
2023-06-19 09:27:51 DEBUG myLine: Jackson,Richardson,32,employee,xx165
2023-06-19 09:27:51 DEBUG myLine: Skylar,Phillips,29,consultant,xx166
2023-06-19 09:27:51 DEBUG myLine: Christian,Wright,31,employee,xx167
2023-06-19 09:27:51 DEBUG myLine: Lucy,Gonzalez,27,consultant,xx168
2023-06-19 09:27:51 DEBUG myLine: Isaiah,Parker,34,employee,xx169
2023-06-19 09:27:51 DEBUG myLine: Aubree,Adams,26,consultant,xx170
2023-06-19 09:27:51 DEBUG myLine: Adrian,Evans,30,employee,xx171
2023-06-19 09:27:51 DEBUG myLine: Scarlett,Williams,28,consultant,xx172
2023-06-19 09:27:51 DEBUG myLine: Nathaniel,Davis,33,employee,xx173
2023-06-19 09:27:51 DEBUG myLine: Hailey,Mitchell,30,employee,xx174
2023-06-19 09:27:51 DEBUG myLine: Dominic,Jackson,25,consultant,xx175
2023-06-19 09:27:51 DEBUG myLine: Leah,Smith,32,employee,xx176
2023-06-19 09:27:51 DEBUG myLine: Chase,Brown,29,consultant,xx177
2023-06-19 09:27:51 DEBUG myLine: Quinn,Kelly,31,employee,xx178
2023-06-19 09:27:51 DEBUG myLine: Sophia,Carter,27,consultant,xx179
2023-06-19 09:27:51 DEBUG myLine: Elias,Morris,34,employee,xx180
2023-06-19 09:27:51 DEBUG myLine: Victoria,Hill,26,consultant,xx181
2023-06-19 09:27:51 DEBUG myLine: Joseph,Mitchell,30,employee,xx182
2023-06-19 09:27:51 DEBUG myLine: Lyla,Cooper,28,consultant,xx183
2023-06-19 09:27:51 DEBUG myLine: John,Turner,33,employee,xx184
2023-06-19 09:27:51 DEBUG myLine: Lucy,Robinson,30,employee,xx185
2023-06-19 09:27:51 DEBUG myLine: Adam,Ross,25,consultant,xx186
2023-06-19 09:27:51 DEBUG myLine: Anna,Perez,32,employee,xx187
2023-06-19 09:27:51 DEBUG myLine: Grayson,Allen,29,consultant,xx188
2023-06-19 09:27:51 DEBUG myLine: Delilah,Baker,31,employee,xx189
2023-06-19 09:27:51 DEBUG myLine: Colton,Walker,27,consultant,xx190
2023-06-19 09:27:51 DEBUG myLine: Zoe,Morgan,34,employee,xx191
2023-06-19 09:27:51 DEBUG myLine: Bentley,White,26,consultant,xx192
2023-06-19 09:27:51 DEBUG myLine: Naomi,Clark,30,employee,xx193
2023-06-19 09:27:51 DEBUG myLine: Christopher,Richardson,28,consultant,xx194
2023-06-19 09:27:51 DEBUG myLine: Mila,Morris,33,employee,xx195
2023-06-19 09:27:51 DEBUG myLine: Valentina,Jones,30,employee,xx196
2023-06-19 09:27:51 DEBUG myLine: Micah,Wilson,25,consultant,xx197
2023-06-19 09:27:51 DEBUG myLine: Amelia,Gonzalez,32,employee,xx198
2023-06-19 09:27:51 DEBUG myLine: Landon,Hernandez,29,consultant,xx199
2023-06-19 09:27:51 DEBUG myLine: Clara,Adams,31,employee,xx200
2023-06-19 09:27:51 DEBUG myLine: Benjamin,Turner,28,consultant,xx201
2023-06-19 09:27:51 DEBUG myLine: Charlotte,Collins,33,employee,xx202
2023-06-19 09:27:51 DEBUG myLine: Andrew,White,30,employee,xx203
2023-06-19 09:27:51 DEBUG myLine: Ella,Hernandez,25,consultant,xx204
2023-06-19 09:27:51 DEBUG myLine: William,Hill,32,employee,xx205
2023-06-19 09:27:51 DEBUG myLine: Mia,Smith,29,consultant,xx206
2023-06-19 09:27:51 DEBUG myLine: James,Anderson,31,employee,xx207
2023-06-19 09:27:51 DEBUG myLine: Sophia,Roberts,27,consultant,xx208
2023-06-19 09:27:51 DEBUG myLine: Ethan,Garcia,34,employee,xx209
2023-06-19 09:27:51 DEBUG myLine: Ava,Walker,26,consultant,xx210
2023-06-19 09:27:51 DEBUG myLine: Lucas,Evans,30,employee,xx211
2023-06-19 09:27:51 DEBUG myLine: Sofia,Clark,28,consultant,xx212
2023-06-19 09:27:51 DEBUG myLine: Liam,Turner,35,employee,xx213
2023-06-19 09:27:51 DEBUG myLine: Harper,Parker,32,consultant,xx214
2023-06-19 09:27:51 DEBUG myLine: Abigail,Allen,29,consultant,xx215
2023-06-19 09:27:51 DEBUG myLine: Daniel,Kelly,31,employee,xx216
2023-06-19 09:27:51 DEBUG myLine: Emily,Carter,27,consultant,xx217
2023-06-19 09:27:51 DEBUG myLine: Logan,Morris,33,employee,xx218
2023-06-19 09:27:51 DEBUG myLine: Avery,Brown,30,consultant,xx219
2023-06-19 09:27:51 DEBUG myLine: Owen,Mitchell,25,consultant,xx220
2023-06-19 09:27:51 DEBUG myLine: Sofia,Cooper,28,consultant,xx221
2023-06-19 09:27:51 DEBUG myLine: Jack,Walker,33,employee,xx222
2023-06-19 09:27:51 DEBUG myLine: Lily,Richardson,30,employee,xx223
2023-06-19 09:27:51 DEBUG myLine: Caleb,Phillips,25,consultant,xx224
2023-06-19 09:27:51 DEBUG myLine: Ava,Turner,32,employee,xx225
2023-06-19 09:27:51 DEBUG myLine: Olivia,Robinson,29,consultant,xx226
2023-06-19 09:27:51 DEBUG myLine: Michael,Williams,31,employee,xx227
2023-06-19 09:27:51 DEBUG myLine: Chloe,Davis,27,consultant,xx228
2023-06-19 09:27:51 DEBUG myLine: Elijah,Garcia,34,employee,xx229
2023-06-19 09:27:51 DEBUG myLine: Grace,White,26,consultant,xx230
2023-06-19 09:27:51 DEBUG myLine: Noah,Perez,30,employee,xx231
2023-06-19 09:27:51 DEBUG myLine: Avery,Collins,28,consultant,xx232
2023-06-19 09:27:51 DEBUG myLine: Alexander,Taylor,35,employee,xx233
2023-06-19 09:27:51 DEBUG myLine: Victoria,Hall,32,consultant,xx234
2023-06-19 09:27:51 DEBUG myLine: Sophia,Baker,29,consultant,xx235
2023-06-19 09:27:51 DEBUG myLine: Isaac,Hernandez,31,employee,xx236
2023-06-19 09:27:51 DEBUG myLine: Scarlett,Morris,27,consultant,xx237
2023-06-19 09:27:51 DEBUG myLine: James,Hill,33,employee,xx238
2023-06-19 09:27:51 DEBUG myLine: Aria,Adams,30,consultant,xx239
2023-06-19 09:27:51 DEBUG myLine: Matthew,Gonzalez,25,consultant,xx240
2023-06-19 09:27:51 DEBUG myLine: Lily,Ross,32,employee,xx241
2023-06-19 09:27:51 DEBUG myLine: Julian,King,29,consultant,xx242
2023-06-19 09:27:51 DEBUG myLine: Audrey,Jones,31,employee,xx243
2023-06-19 09:27:51 DEBUG myLine: Nathan,Wilson,27,consultant,xx244
2023-06-19 09:27:51 DEBUG myLine: Chloe,Cook,34,employee,xx245
2023-06-19 09:27:51 DEBUG myLine: Sofia,Morgan,26,consultant,xx246
2023-06-19 09:27:51 DEBUG myLine: Aiden,Anderson,30,employee,xx247
2023-06-19 09:27:51 DEBUG myLine: Brooklyn,Allen,28,consultant,xx248
2023-06-19 09:27:51 DEBUG myLine: Landon,Bell,33,employee,xx249
2023-06-19 09:27:51 DEBUG myLine: Samantha,Walker,30,employee,xx250
2023-06-19 09:27:51 DEBUG myLine: Xander,Collins,28,consultant,xx251
2023-06-19 09:27:51 DEBUG myLine: Autumn,Turner,33,employee,xx252
2023-06-19 09:27:51 DEBUG myLine: Cameron,Robinson,30,employee,xx253
2023-06-19 09:27:51 DEBUG myLine: Madelyn,Hall,25,consultant,xx254
2023-06-19 09:27:51 DEBUG myLine: Jackson,Richardson,32,employee,xx255
2023-06-19 09:27:51 DEBUG myLine: Skylar,Phillips,29,consultant,xx256
2023-06-19 09:27:51 DEBUG myLine: Christian,Wright,31,employee,xx257
2023-06-19 09:27:51 DEBUG myLine: Lucy,Gonzalez,27,consultant,xx258
2023-06-19 09:27:51 DEBUG myLine: Isaiah,Parker,34,employee,xx259
2023-06-19 09:27:51 DEBUG myLine: Aubree,Adams,26,consultant,xx260
2023-06-19 09:27:51 DEBUG myLine: Adrian,Evans,30,employee,xx261
2023-06-19 09:27:51 DEBUG myLine: Scarlett,Williams,28,consultant,xx262
2023-06-19 09:27:51 DEBUG myLine: Nathaniel,Davis,33,employee,xx263
2023-06-19 09:27:51 DEBUG myLine: Hailey,Mitchell,30,employee,xx264
2023-06-19 09:27:51 DEBUG myLine: Dominic,Jackson,25,consultant,xx265
2023-06-19 09:27:51 DEBUG myLine: Leah,Smith,32,employee,xx266
2023-06-19 09:27:51 DEBUG myLine: Chase,Brown,29,consultant,xx267
2023-06-19 09:27:51 DEBUG myLine: Quinn,Kelly,31,employee,xx268
2023-06-19 09:27:51 DEBUG myLine: Sophia,Carter,27,consultant,xx269
2023-06-19 09:27:51 DEBUG myLine: Elias,Morris,34,employee,xx270
2023-06-19 09:27:51 DEBUG myLine: Victoria,Hill,26,consultant,xx271
2023-06-19 09:27:51 DEBUG myLine: Joseph,Mitchell,30,employee,xx272
2023-06-19 09:27:51 DEBUG myLine: Lyla,Cooper,28,consultant,xx273
2023-06-19 09:27:51 DEBUG myLine: John,Turner,33,employee,xx274
2023-06-19 09:27:51 DEBUG myLine: Lucy,Robinson,30,employee,xx275
2023-06-19 09:27:51 DEBUG myLine: Adam,Ross,25,consultant,xx276
2023-06-19 09:27:51 DEBUG myLine: Anna,Perez,32,employee,xx277
2023-06-19 09:27:51 DEBUG myLine: Grayson,Allen,29,consultant,xx278
2023-06-19 09:27:51 DEBUG myLine: Delilah,Baker,31,employee,xx279
2023-06-19 09:27:51 DEBUG myLine: Colton,Walker,27,consultant,xx280
2023-06-19 09:27:51 DEBUG myLine: Zoe,Morgan,34,employee,xx281
2023-06-19 09:27:51 DEBUG myLine: Bentley,White,26,consultant,xx282
2023-06-19 09:27:51 DEBUG myLine: Naomi,Clark,30,employee,xx283
2023-06-19 09:27:51 DEBUG myLine: Christopher,Richardson,28,consultant,xx284
2023-06-19 09:27:51 DEBUG myLine: Mila,Morris,33,employee,xx285
2023-06-19 09:27:51 DEBUG myLine: Valentina,Jones,30,employee,xx286
2023-06-19 09:27:51 DEBUG myLine: Micah,Wilson,25,consultant,xx287
2023-06-19 09:27:51 DEBUG myLine: Amelia,Gonzalez,32,employee,xx288
2023-06-19 09:27:51 DEBUG myLine: Landon,Hernandez,29,consultant,xx289
2023-06-19 09:27:51 DEBUG myLine: Clara,Adams,31,employee,xx290
2023-06-19 09:27:51 DEBUG myLine: William,Hall,27,consultant,xx291
2023-06-19 09:27:51 DEBUG myLine: Ava,Turner,34,employee,xx292
2023-06-19 09:27:51 DEBUG myLine: Logan,Mitchell,26,consultant,xx293
2023-06-19 09:27:51 DEBUG myLine: Mia,Cooper,30,employee,xx294
2023-06-19 09:27:51 DEBUG myLine: Elijah,Walker,28,consultant,xx295
2023-06-19 09:27:51 DEBUG myLine: Sofia,Robinson,35,employee,xx296
2023-06-19 09:27:51 DEBUG myLine: James,Carter,32,consultant,xx297
2023-06-19 09:27:51 DEBUG myLine: Olivia,Parker,29,consultant,xx298
2023-06-19 09:27:51 DEBUG myLine: Michael,Garcia,31,employee,xx299
2023-06-19 09:27:51 DEBUG myLine: Chloe,Smith,27,consultant,xx300
2023-06-19 09:27:51 DEBUG myLine: Emma,Adams,34,employee,xx301
2023-06-19 09:27:51 DEBUG myLine: Noah,Richardson,26,consultant,xx302
2023-06-19 09:27:51 DEBUG myLine: Sophia,Allen,30,employee,xx303
2023-06-19 09:27:51 DEBUG myLine: Liam,Brown,28,consultant,xx304
2023-06-19 09:27:51 DEBUG myLine: Mia,Jackson,33,employee,xx305
2023-06-19 09:27:51 DEBUG myLine: Ava,Williams,30,consultant,xx306
2023-06-19 09:27:51 DEBUG myLine: Logan,Davis,25,consultant,xx307
2023-06-19 09:27:51 DEBUG myLine: Isabella,Mitchell,32,employee,xx308
2023-06-19 09:27:51 DEBUG myLine: Lucas,Hill,29,consultant,xx309
2023-06-19 09:27:51 DEBUG myLine: Avery,Turner,31,employee,xx310
2023-06-19 09:27:51 DEBUG myLine: Alexa,Robinson,27,consultant,xx311
2023-06-19 09:27:51 DEBUG myLine: Elijah,Perez,34,employee,xx312
2023-06-19 09:27:51 DEBUG myLine: Scarlett,Clark,26,consultant,xx313
2023-06-19 09:27:51 DEBUG myLine: Jack,Morris,30,employee,xx314
2023-06-19 09:27:51 DEBUG myLine: Avery,Cooper,28,consultant,xx315
2023-06-19 09:27:51 DEBUG myLine: Sophia,Walker,33,employee,xx316
2023-06-19 09:27:51 DEBUG myLine: Levi,Richardson,30,employee,xx317
2023-06-19 09:27:51 DEBUG myLine: Ella,Phillips,25,consultant,xx318
2023-06-19 09:27:51 DEBUG myLine: Ethan,Allen,32,employee,xx319
2023-06-19 09:27:51 DEBUG myLine: Mia,Hall,29,consultant,xx320
2023-06-19 09:27:51 DEBUG myLine: Charlotte,Hernandez,31,employee,xx321
2023-06-19 09:27:51 DEBUG myLine: Noah,Morgan,27,consultant,xx322
2023-06-19 09:27:51 DEBUG myLine: Emma,Baker,34,employee,xx323
2023-06-19 09:27:51 DEBUG myLine: Liam,White,26,consultant,xx324
2023-06-19 09:27:51 DEBUG myLine: Ava,Clark,30,employee,xx325
2023-06-19 09:27:51 DEBUG myLine: Logan,Turner,28,consultant,xx326
2023-06-19 09:27:51 DEBUG myLine: Sophia,Williams,33,employee,xx327
2023-06-19 09:27:51 DEBUG myLine: Ethan,Davis,30,consultant,xx328
2023-06-19 09:27:51 DEBUG myLine: Mia,Garcia,25,consultant,xx329
2023-06-19 09:27:51 DEBUG myLine: James,Hill,32,employee,xx330
2023-06-19 09:27:51 DEBUG myLine: Sofia,Roberts,29,consultant,xx331
2023-06-19 09:27:51 DEBUG myLine: Lucas,Morris,31,employee,xx332
2023-06-19 09:27:51 DEBUG myLine: Isabella,Turner,27,consultant,xx333
2023-06-19 09:27:51 DEBUG myLine: Olivia,Collins,34,employee,xx334
2023-06-19 09:27:51 DEBUG myLine: William,Evans,26,consultant,xx335
2023-06-19 09:27:51 DEBUG myLine: Emily,Smith,30,employee,xx336
2023-06-19 09:27:51 DEBUG myLine: Liam,Anderson,28,consultant,xx337
2023-06-19 09:27:51 DEBUG myLine: Ava,Roberts,33,employee,xx338
2023-06-19 09:27:51 DEBUG myLine: Noah,Parker,30,consultant,xx339
2023-06-19 09:27:51 DEBUG myLine: Sophia,Adams,27,consultant,xx340
2023-06-19 09:27:51 DEBUG myLine: Logan,Hall,34,employee,xx341
2023-06-19 09:27:51 DEBUG myLine: Emma,Mitchell,26,consultant,xx342
2023-06-19 09:27:51 DEBUG myLine: Ethan,Cooper,30,employee,xx343
2023-06-19 09:27:51 DEBUG myLine: Mia,Walker,28,consultant,xx344
2023-06-19 09:27:51 DEBUG myLine: James,Robinson,33,employee,xx345
2023-06-19 09:27:51 DEBUG myLine: Avery,Carter,30,consultant,xx346
2023-06-19 09:27:51 DEBUG myLine: Sophia,Phillips,25,consultant,xx347
2023-06-19 09:27:51 DEBUG myLine: Elijah,Turner,32,employee,xx348
2023-06-19 09:27:51 DEBUG myLine: Charlotte,Richardson,29,consultant,xx349
2023-06-19 09:27:51 DEBUG myLine: Olivia,Morris,31,employee,xx350
2023-06-19 09:27:51 DEBUG myLine: William,Jackson,27,consultant,xx351
2023-06-19 09:27:51 DEBUG myLine: Ella,Garcia,34,employee,xx352
2023-06-19 09:27:51 DEBUG myLine: Liam,Smith,26,consultant,xx353
2023-06-19 09:27:51 DEBUG myLine: Ava,Williams,30,employee,xx354
2023-06-19 09:27:51 DEBUG myLine: Logan,Davis,28,consultant,xx355
2023-06-19 09:27:51 DEBUG myLine: Sophia,Hernandez,35,employee,xx356
2023-06-19 09:27:51 DEBUG myLine: Ethan,Cooper,32,consultant,xx357
2023-06-19 09:27:51 DEBUG myLine: Mia,Clark,29,consultant,xx358
2023-06-19 09:27:51 DEBUG myLine: James,Turner,31,employee,xx359
2023-06-19 09:27:51 DEBUG myLine: Sofia,Robinson,27,consultant,xx360
2023-06-19 09:27:51 DEBUG myLine: Noah,Allen,34,employee,xx361
2023-06-19 09:27:51 DEBUG myLine: Emma,Hall,26,consultant,xx362
2023-06-19 09:27:51 DEBUG myLine: Liam,Mitchell,30,employee,xx363
2023-06-19 09:27:51 DEBUG myLine: Ava,Anderson,28,consultant,xx364
2023-06-19 09:27:51 DEBUG myLine: Olivia,Parker,33,employee,xx365
2023-06-19 09:27:51 DEBUG myLine: William,Carter,30,consultant,xx366
2023-06-19 09:27:51 DEBUG myLine: Charlotte,Phillips,25,consultant,xx367
2023-06-19 09:27:51 DEBUG myLine: James,Turner,32,employee,xx368
2023-06-19 09:27:51 DEBUG myLine: Sophia,Richardson,29,consultant,xx369
2023-06-19 09:27:51 DEBUG myLine: Ethan,Morris,31,employee,xx370
2023-06-19 09:27:51 DEBUG myLine: Mia,Jackson,27,consultant,xx371
2023-06-19 09:27:51 DEBUG myLine: Logan,Garcia,34,employee,xx372
2023-06-19 09:27:51 DEBUG myLine: Sofia,Smith,26,consultant,xx373
2023-06-19 09:27:51 DEBUG myLine: Noah,Williams,30,employee,xx374
2023-06-19 09:27:51 DEBUG myLine: Emma,Davis,28,consultant,xx375
2023-06-19 09:27:51 DEBUG myLine: Liam,Robinson,35,employee,xx376
2023-06-19 09:27:51 DEBUG myLine: Ava,Hall,32,consultant,xx377
2023-06-19 09:27:51 DEBUG myLine: Olivia,Baker,29,consultant,xx378
2023-06-19 09:27:51 DEBUG myLine: William,White,31,employee,xx379
2023-06-19 09:27:51 DEBUG myLine: Charlotte,Clark,27,consultant,xx380
2023-06-19 09:27:51 DEBUG myLine: James,Mitchell,34,employee,xx381
2023-06-19 09:27:51 DEBUG myLine: Sophia,Cooper,26,consultant,xx382
2023-06-19 09:27:51 DEBUG myLine: Ethan,Walker,30,employee,xx383
2023-06-19 09:27:51 DEBUG myLine: Mia,Roberts,28,consultant,xx384
2023-06-19 09:27:51 DEBUG myLine: Noah,Turner,33,employee,xx385
2023-06-19 09:27:51 DEBUG myLine: Emma,Richardson,30,employee,xx386
2023-06-19 09:27:51 DEBUG myLine: Liam,Phillips,25,consultant,xx387
2023-06-19 09:27:51 DEBUG myLine: Ava,Allen,32,employee,xx388
2023-06-19 09:27:51 DEBUG myLine: Olivia,Hernandez,29,consultant,xx389
2023-06-19 09:27:51 DEBUG myLine: William,Morris,31,employee,xx390
2023-06-19 09:27:51 DEBUG myLine: Charlotte,Jackson,27,consultant,xx391
2023-06-19 09:27:51 DEBUG myLine: James,Williams,34,employee,xx392
2023-06-19 09:27:51 DEBUG myLine: Sophia,Davis,26,consultant,xx393
2023-06-19 09:27:51 DEBUG myLine: Ethan,Robinson,30,employee,xx394
2023-06-19 09:27:51 DEBUG myLine: Mia,Hall,28,consultant,xx395
2023-06-19 09:27:51 DEBUG myLine: Noah,Carter,33,employee,xx396
2023-06-19 09:27:51 DEBUG myLine: Emma,Phillips,30,consultant,xx397
2023-06-19 09:27:51 DEBUG myLine: Liam,Turner,25,consultant,xx398
2023-06-19 09:27:51 DEBUG myLine: Ava,Cooper,32,employee,xx399
2023-06-19 09:27:51 DEBUG myLine: Olivia,Smith,29,consultant,xx400
2023-06-19 09:27:51 DEBUG myLine: William,Walker,31,employee,xx401
2023-06-19 09:27:51 DEBUG myLine: Charlotte,Roberts,27,consultant,xx402
2023-06-19 09:27:51 DEBUG myLine: James,Morgan,34,employee,xx403
2023-06-19 09:27:51 DEBUG myLine: Sophia,Evans,26,consultant,xx404
2023-06-19 09:27:51 DEBUG myLine: Ethan,Baker,30,employee,xx405
2023-06-19 09:27:51 DEBUG myLine: Mia,Clark,28,consultant,xx406
2023-06-19 09:27:51 DEBUG myLine: Noah,Adams,33,employee,xx407
2023-06-19 09:27:51 DEBUG myLine: Emma,Hill,30,employee,xx408
2023-06-19 09:27:51 DEBUG myLine: Liam,Turner,25,consultant,xx409
2023-06-19 09:27:51 DEBUG myLine: Ava,Allen,32,employee,xx410
2023-06-19 09:27:51 DEBUG myLine: Olivia,Hall,29,consultant,xx411
2023-06-19 09:27:51 DEBUG myLine: William,Morris,31,employee,xx412
2023-06-19 09:27:51 DEBUG myLine: Charlotte,Jackson,27,consultant,xx413
2023-06-19 09:27:51 DEBUG myLine: James,Williams,34,employee,xx414
2023-06-19 09:27:51 DEBUG myLine: Sophia,Davis,26,consultant,xx415
2023-06-19 09:27:51 DEBUG myLine: Ethan,Robinson,30,employee,xx416
2023-06-19 09:27:51 DEBUG myLine: Mia,Hall,28,consultant,xx417
2023-06-19 09:27:51 DEBUG myLine: Noah,Carter,33,employee,xx418
2023-06-19 09:27:51 DEBUG myLine: Emma,Phillips,30,consultant,xx419
2023-06-19 09:27:51 DEBUG myLine: Liam,Turner,25,consultant,xx420
2023-06-19 09:27:51 DEBUG myLine: Ava,Cooper,32,employee,xx421
2023-06-19 09:27:51 DEBUG myLine: Olivia,Smith,29,consultant,xx422
2023-06-19 09:27:51 DEBUG myLine: William,Walker,31,employee,xx423
2023-06-19 09:27:51 DEBUG myLine: Charlotte,Roberts,27,consultant,xx424
2023-06-19 09:27:51 DEBUG myLine: James,Morgan,34,employee,xx425
2023-06-19 09:27:51 DEBUG myLine: Sophia,Evans,26,consultant,xx426
2023-06-19 09:27:51 DEBUG myLine: Ethan,Baker,30,employee,xx427
2023-06-19 09:27:51 DEBUG myLine: Mia,Clark,28,consultant,xx428
2023-06-19 09:27:51 DEBUG myLine: Noah,Adams,33,employee,xx429
2023-06-19 09:27:51 DEBUG myLine: Emma,Hill,30,employee,xx430
2023-06-19 09:27:51 DEBUG myLine: Liam,Turner,25,consultant,xx431
2023-06-19 09:27:51 DEBUG myLine: Ava,Allen,32,employee,xx432
2023-06-19 09:27:51 DEBUG myLine: Olivia,Hall,29,consultant,xx433
2023-06-19 09:27:51 DEBUG myLine: William,Morris,31,employee,xx434
2023-06-19 09:27:51 DEBUG myLine: Charlotte,Jackson,27,consultant,xx435
2023-06-19 09:27:51 DEBUG myLine: James,Williams,34,employee,xx436
2023-06-19 09:27:51 DEBUG myLine: Sophia,Davis,26,consultant,xx437
2023-06-19 09:27:51 DEBUG myLine: Ethan,Robinson,30,employee,xx438
2023-06-19 09:27:51 DEBUG myLine: Mia,Hall,28,consultant,xx439
2023-06-19 09:27:51 DEBUG myLine: Noah,Carter,33,employee,xx440
2023-06-19 09:27:51 DEBUG myLine: Emma,Phillips,30,consultant,xx441
2023-06-19 09:27:51 DEBUG myLine: Liam,Turner,25,consultant,xx442
2023-06-19 09:27:51 DEBUG myLine: Ava,Cooper,32,employee,xx443
2023-06-19 09:27:51 DEBUG myLine: Olivia,Smith,29,consultant,xx444
2023-06-19 09:27:51 DEBUG myLine: William,Walker,31,employee,xx445
2023-06-19 09:27:51 DEBUG myLine: Charlotte,Roberts,27,consultant,xx446
2023-06-19 09:27:51 DEBUG myLine: James,Morgan,34,employee,xx447
2023-06-19 09:27:51 DEBUG myLine: Sophia,Evans,26,consultant,xx448
2023-06-19 09:27:51 DEBUG myLine: Ethan,Baker,30,employee,xx449
2023-06-19 09:27:51 DEBUG myLine: Mia,Clark,28,consultant,xx450
2023-06-19 09:27:51 DEBUG myLine: Noah,Adams,33,employee,xx451
2023-06-19 09:27:51 DEBUG myLine: Emma,Hill,30,employee,xx452
2023-06-19 09:27:51 DEBUG myLine: Liam,Turner,25,consultant,xx453
2023-06-19 09:27:51 DEBUG myLine: Ava,Allen,32,employee,xx454
2023-06-19 09:27:51 DEBUG myLine: Olivia,Hall,29,consultant,xx455
2023-06-19 09:27:51 DEBUG myLine: William,Morris,31,employee,xx456
2023-06-19 09:27:51 DEBUG myLine: Charlotte,Jackson,27,consultant,xx457
2023-06-19 09:27:51 DEBUG myLine: James,Williams,34,employee,xx458
2023-06-19 09:27:51 DEBUG myLine: Sophia,Davis,26,consultant,xx459
2023-06-19 09:27:51 DEBUG myLine: Ethan,Robinson,30,employee,xx460
2023-06-19 09:27:51 DEBUG myLine: Mia,Hall,28,consultant,xx461
2023-06-19 09:27:51 DEBUG myLine: Noah,Carter,33,employee,xx462
2023-06-19 09:27:51 DEBUG myLine: Emma,Phillips,30,consultant,xx463
2023-06-19 09:27:51 DEBUG myLine: Liam,Turner,25,consultant,xx464
2023-06-19 09:27:51 DEBUG myLine: Ava,Cooper,32,employee,xx465
2023-06-19 09:27:51 DEBUG myLine: Olivia,Smith,29,consultant,xx466
2023-06-19 09:27:51 DEBUG myLine: William,Walker,31,employee,xx467
2023-06-19 09:27:51 DEBUG myLine: Charlotte,Roberts,27,consultant,xx468
2023-06-19 09:27:51 DEBUG myLine: James,Morgan,34,employee,xx469
2023-06-19 09:27:51 DEBUG myLine: Sophia,Evans,26,consultant,xx470
2023-06-19 09:27:51 DEBUG myLine: Ethan,Baker,30,employee,xx471
2023-06-19 09:27:51 DEBUG myLine: Mia,Clark,28,consultant,xx472
2023-06-19 09:27:51 DEBUG myLine: Noah,Adams,33,employee,xx473
2023-06-19 09:27:51 DEBUG myLine: Emma,Hill,30,employee,xx474
2023-06-19 09:27:51 DEBUG myLine: Liam,Turner,25,consultant,xx475
2023-06-19 09:27:51 DEBUG myLine: Ava,Allen,32,employee,xx476
2023-06-19 09:27:51 DEBUG myLine: Olivia,Hall,29,consultant,xx477
2023-06-19 09:27:51 DEBUG myLine: William,Morris,31,employee,xx478
2023-06-19 09:27:51 DEBUG myLine: Charlotte,Jackson,27,consultant,xx479
2023-06-19 09:27:51 DEBUG myLine: James,Williams,34,employee,xx480
2023-06-19 09:27:51 DEBUG myLine: Sophia,Davis,26,consultant,xx481
2023-06-19 09:27:51 DEBUG myLine: Ethan,Robinson,30,employee,xx482
2023-06-19 09:27:51 DEBUG myLine: Mia,Hall,28,consultant,xx483
2023-06-19 09:27:51 DEBUG myLine: Noah,Carter,33,employee,xx484
2023-06-19 09:27:51 DEBUG myLine: Emma,Phillips,30,consultant,xx485
2023-06-19 09:27:51 DEBUG myLine: Liam,Turner,25,consultant,xx486
2023-06-19 09:27:51 DEBUG myLine: Ava,Cooper,32,employee,xx487
2023-06-19 09:27:51 DEBUG myLine: Olivia,Smith,29,consultant,xx488
2023-06-19 09:27:51 DEBUG myLine: William,Walker,31,employee,xx489
2023-06-19 09:27:51 DEBUG myLine: Charlotte,Roberts,27,consultant,xx490
2023-06-19 09:27:51 DEBUG myLine: James,Morgan,34,employee,xx491
2023-06-19 09:27:51 DEBUG myLine: Sophia,Evans,26,consultant,xx492
2023-06-19 09:27:51 DEBUG myLine: Ethan,Baker,30,employee,xx493
2023-06-19 09:27:51 DEBUG myLine: Mia,Clark,28,consultant,xx494
2023-06-19 09:27:51 DEBUG myLine: Noah,Adams,33,employee,xx495
2023-06-19 09:27:51 DEBUG myLine: Emma,Hill,30,employee,xx496
2023-06-19 09:27:51 DEBUG myLine: Liam,Turner,25,consultant,xx497
2023-06-19 09:27:51 DEBUG myLine: Ava,Allen,32,employee,xx498
2023-06-19 09:27:51 DEBUG myLine: Olivia,Hall,29,consultant,xx499
2023-06-19 09:27:51 DEBUG myLine: William,Morris,31,employee,xx500
2023-06-19 09:27:51 DEBUG myLine: Charlotte,Jackson,27,consultant,xx501
2023-06-19 09:27:51 DEBUG myLine: James,Williams,34,employee,xx502
2023-06-19 09:27:51 DEBUG myLine: Sophia,Davis,26,consultant,xx503
2023-06-19 09:27:51 DEBUG myLine: Ethan,Robinson,30,employee,xx504
2023-06-19 09:27:51 DEBUG myLine: Mia,Hall,28,consultant,xx505
2023-06-19 09:27:51 DEBUG myLine: Noah,Carter,33,employee,xx506
2023-06-19 09:27:51 DEBUG myLine: Emma,Phillips,30,consultant,xx507
2023-06-19 09:27:51 DEBUG myLine: Liam,Turner,25,consultant,xx508
2023-06-19 09:27:51 DEBUG myLine: Ava,Cooper,32,employee,xx509
2023-06-19 09:27:51 DEBUG myLine: Olivia,Smith,29,consultant,xx510
2023-06-19 09:27:51 DEBUG myLine: William,Walker,31,employee,xx511
2023-06-19 09:27:51 DEBUG myLine: Charlotte,Roberts,27,consultant,xx512
2023-06-19 09:27:51 DEBUG myLine: James,Morgan,34,employee,xx513
2023-06-19 09:27:51 DEBUG myLine: Sophia,Evans,26,consultant,xx514
2023-06-19 09:27:51 DEBUG myLine: Ethan,Baker,30,employee,xx515
2023-06-19 09:27:51 DEBUG myLine: Mia,Clark,28,consultant,xx516
2023-06-19 09:27:51 DEBUG myLine: Noah,Adams,33,employee,xx517
2023-06-19 09:27:51 DEBUG myLine: Emma,Hill,30,employee,xx518
2023-06-19 09:27:51 DEBUG myLine: Liam,Turner,25,consultant,xx519
2023-06-19 09:27:51 DEBUG myLine: Ava,Allen,32,employee,xx520
2023-06-19 09:27:51 DEBUG myLine: Olivia,Hall,29,consultant,xx521
2023-06-19 09:27:51 DEBUG myLine: William,Morris,31,employee,xx522
2023-06-19 09:27:51 DEBUG myLine: Charlotte,Jackson,27,consultant,xx523
2023-06-19 09:27:51 DEBUG myLine: James,Williams,34,employee,xx524
2023-06-19 09:27:51 DEBUG myLine: Sophia,Davis,26,consultant,xx525
2023-06-19 09:27:51 DEBUG myLine: Ethan,Robinson,30,employee,xx526
2023-06-19 09:27:51 DEBUG myLine: Mia,Hall,28,consultant,xx527
2023-06-19 09:27:51 DEBUG myLine: Noah,Carter,33,employee,xx528
2023-06-19 09:27:51 DEBUG myLine: Emma,Phillips,30,consultant,xx529
2023-06-19 09:27:51 DEBUG myLine: Liam,Turner,25,consultant,xx530
2023-06-19 09:27:51 DEBUG myLine: Ava,Cooper,32,employee,xx531
2023-06-19 09:27:51 DEBUG myLine: Olivia,Smith,29,consultant,xx532
2023-06-19 09:27:51 DEBUG myLine: William,Walker,31,employee,xx533
2023-06-19 09:27:51 DEBUG myLine: Charlotte,Roberts,27,consultant,xx534
2023-06-19 09:27:51 DEBUG myLine: James,Morgan,34,employee,xx535
2023-06-19 09:27:51 DEBUG myLine: Sophia,Evans,26,consultant,xx536
2023-06-19 09:27:51 DEBUG myLine: Ethan,Baker,30,employee,xx537
2023-06-19 09:27:51 DEBUG myLine: Mia,Clark,28,consultant,xx538
2023-06-19 09:27:51 DEBUG myLine: Noah,Adams,33,employee,xx539
2023-06-19 09:27:51 DEBUG myLine: Emma,Hill,30,employee,xx540
2023-06-19 09:27:51 DEBUG myLine: Liam,Turner,25,consultant,xx541
2023-06-19 09:27:51 DEBUG myLine: Ava,Allen,32,employee,xx542
2023-06-19 09:27:51 DEBUG myLine: Olivia,Hall,29,consultant,xx543
2023-06-19 09:27:51 DEBUG myLine: William,Morris,31,employee,xx544
2023-06-19 09:27:51 DEBUG myLine: Charlotte,Jackson,27,consultant,xx545
2023-06-19 09:27:51 DEBUG myLine: James,Williams,34,employee,xx546
2023-06-19 09:27:51 DEBUG myLine: Sophia,Davis,26,consultant,xx547
2023-06-19 09:27:51 DEBUG myLine: Ethan,Robinson,30,employee,xx548
2023-06-19 09:27:51 DEBUG myLine: Mia,Hall,28,consultant,xx549
2023-06-19 09:27:51 DEBUG myLine: Noah,Carter,33,employee,xx550
2023-06-19 09:27:51 DEBUG myLine: Emma,Phillips,30,consultant,xx551
2023-06-19 09:27:51 DEBUG myLine: Liam,Turner,25,consultant,xx552
2023-06-19 09:27:51 DEBUG myLine: Ava,Cooper,32,employee,xx553
2023-06-19 09:27:51 DEBUG myLine: Olivia,Smith,29,consultant,xx554
2023-06-19 09:27:51 DEBUG myLine: William,Walker,31,employee,xx555
2023-06-19 09:27:51 DEBUG myLine: Charlotte,Roberts,27,consultant,xx556
2023-06-19 09:27:51 DEBUG myLine: James,Morgan,34,employee,xx557
2023-06-19 09:27:51 DEBUG myLine: Sophia,Evans,26,consultant,xx558
2023-06-19 09:27:51 DEBUG myLine: Ethan,Baker,30,employee,xx559
2023-06-19 09:27:51 DEBUG myLine: Mia,Clark,28,consultant,xx560
2023-06-19 09:27:51 DEBUG myLine: Noah,Adams,33,employee,xx561
2023-06-19 09:27:51 DEBUG myLine: Emma,Hill,30,employee,xx562
2023-06-19 09:27:51 DEBUG myLine: Liam,Turner,25,consultant,xx563
2023-06-19 09:27:51 DEBUG myLine: Ava,Allen,32,employee,xx564
2023-06-19 09:27:51 DEBUG myLine: Olivia,Hall,29,consultant,xx565
2023-06-19 09:27:51 DEBUG myLine: William,Morris,31,employee,xx566
2023-06-19 09:27:51 DEBUG myLine: Charlotte,Jackson,27,consultant,xx567
2023-06-19 09:27:51 DEBUG myLine: James,Williams,34,employee,xx568
2023-06-19 09:27:51 DEBUG myLine: Sophia,Davis,26,consultant,xx569
2023-06-19 09:27:51 DEBUG myLine: Ethan,Robinson,30,employee,xx570
2023-06-19 09:27:51 DEBUG myLine: Mia,Hall,28,consultant,xx571
2023-06-19 09:27:51 DEBUG myLine: Noah,Carter,33,employee,xx572
2023-06-19 09:27:51 DEBUG myLine: Emma,Phillips,30,consultant,xx573
2023-06-19 09:27:51 DEBUG myLine: Liam,Turner,25,consultant,xx574
2023-06-19 09:27:51 DEBUG myLine: Ava,Cooper,32,employee,xx575
2023-06-19 09:27:51 DEBUG myLine: Olivia,Smith,29,consultant,xx576
2023-06-19 09:27:51 DEBUG myLine: William,Walker,31,employee,xx577
2023-06-19 09:27:51 DEBUG myLine: Charlotte,Roberts,27,consultant,xx578
2023-06-19 09:27:51 DEBUG myLine: James,Morgan,34,employee,xx579
2023-06-19 09:27:51 DEBUG myLine: Sophia,Evans,26,consultant,xx580
2023-06-19 09:27:51 DEBUG myLine: Ethan,Baker,30,employee,xx581
2023-06-19 09:27:51 DEBUG myLine: Mia,Clark,28,consultant,xx582
2023-06-19 09:27:51 DEBUG myLine: Noah,Adams,33,employee,xx583
2023-06-19 09:27:51 DEBUG myLine: Emma,Hill,30,employee,xx584
2023-06-19 09:27:51 DEBUG myLine: Liam,Turner,25,consultant,xx585
2023-06-19 09:27:51 DEBUG myLine: Ava,Allen,32,employee,xx586
2023-06-19 09:27:51 DEBUG myLine: Olivia,Hall,29,consultant,xx587
2023-06-19 09:27:51 DEBUG myLine: William,Morris,31,employee,xx588
2023-06-19 09:27:51 DEBUG myLine: Charlotte,Jackson,27,consultant,xx589
2023-06-19 09:27:51 DEBUG myLine: James,Williams,34,employee,xx590
2023-06-19 09:27:51 DEBUG myLine: Sophia,Davis,26,consultant,xx591
2023-06-19 09:27:51 DEBUG myLine: Ethan,Robinson,30,employee,xx592
2023-06-19 09:27:51 DEBUG myLine: Mia,Hall,28,consultant,xx593
2023-06-19 09:27:51 DEBUG myLine: Noah,Carter,33,employee,xx594
2023-06-19 09:27:51 DEBUG myLine: Emma,Phillips,30,consultant,xx595
2023-06-19 09:27:51 DEBUG myLine: Liam,Turner,25,consultant,xx596
2023-06-19 09:27:51 DEBUG myLine: Ava,Cooper,32,employee,xx597
2023-06-19 09:27:51 DEBUG myLine: Olivia,Smith,29,consultant,xx598
2023-06-19 09:27:51 DEBUG myLine: William,Walker,31,employee,xx599
2023-06-19 09:27:51 DEBUG myLine: Charlotte,Roberts,27,consultant,xx600
2023-06-19 09:27:51 DEBUG myLine: James,Morgan,34,employee,xx601
2023-06-19 09:27:51 DEBUG myLine: Sophia,Evans,26,consultant,xx602
2023-06-19 09:27:51 DEBUG myLine: Ethan,Baker,30,employee,xx603
2023-06-19 09:27:51 DEBUG myLine: Mia,Clark,28,consultant,xx604
2023-06-19 09:27:51 DEBUG myLine: Noah,Adams,33,employee,xx605
2023-06-19 09:27:51 DEBUG myLine: Emma,Hill,30,employee,xx606
2023-06-19 09:27:51 DEBUG myLine: Liam,Turner,25,consultant,xx607
2023-06-19 09:27:51 DEBUG myLine: Ava,Allen,32,employee,xx608
2023-06-19 09:27:51 DEBUG myLine: Olivia,Hall,29,consultant,xx609
2023-06-19 09:27:51 DEBUG myLine: William,Morris,31,employee,xx610
2023-06-19 09:27:51 DEBUG myLine: Charlotte,Jackson,27,consultant,xx611
2023-06-19 09:27:51 DEBUG myLine: James,Williams,34,employee,xx612
2023-06-19 09:27:51 DEBUG myLine: Sophia,Davis,26,consultant,xx613
2023-06-19 09:27:51 DEBUG myLine: Ethan,Robinson,30,employee,xx614
2023-06-19 09:27:51 DEBUG myLine: Mia,Hall,28,consultant,xx615
2023-06-19 09:27:51 DEBUG myLine: Noah,Carter,33,employee,xx616
2023-06-19 09:27:51 DEBUG myLine: Emma,Phillips,30,consultant,xx617
2023-06-19 09:27:51 DEBUG myLine: Liam,Turner,25,consultant,xx618
2023-06-19 09:27:51 DEBUG myLine: Ava,Cooper,32,employee,xx619
2023-06-19 09:27:51 DEBUG myLine: Olivia,Smith,29,consultant,xx620
2023-06-19 09:27:51 DEBUG myLine: William,Walker,31,employee,xx621
2023-06-19 09:27:51 DEBUG myLine: Charlotte,Roberts,27,consultant,xx622
2023-06-19 09:27:51 DEBUG myLine: James,Morgan,34,employee,xx623
2023-06-19 09:27:51 DEBUG myLine: Sophia,Evans,26,consultant,xx624
2023-06-19 09:27:51 DEBUG myLine: Ethan,Baker,30,employee,xx625
2023-06-19 09:27:51 DEBUG myLine: Mia,Clark,28,consultant,xx626
2023-06-19 09:27:51 DEBUG myLine: Noah,Adams,33,employee,xx627
2023-06-19 09:27:51 DEBUG myLine: Emma,Hill,30,employee,xx628
2023-06-19 09:27:51 DEBUG myLine: Liam,Turner,25,consultant,xx629
2023-06-19 09:27:51 DEBUG myLine: Ava,Allen,32,employee,xx630
2023-06-19 09:27:51 DEBUG myLine: Olivia,Hall,29,consultant,xx631
2023-06-19 09:27:51 DEBUG myLine: William,Morris,31,employee,xx632
2023-06-19 09:27:51 DEBUG myLine: Charlotte,Jackson,27,consultant,xx633
2023-06-19 09:27:51 DEBUG myLine: James,Williams,34,employee,xx634
2023-06-19 09:27:51 DEBUG myLine: Sophia,Davis,26,consultant,xx635
2023-06-19 09:27:51 DEBUG myLine: Ethan,Robinson,30,employee,xx636
2023-06-19 09:27:51 DEBUG myLine: Mia,Hall,28,consultant,xx637
2023-06-19 09:27:51 DEBUG myLine: Noah,Carter,33,employee,xx638
2023-06-19 09:27:51 DEBUG myLine: Emma,Phillips,30,consultant,xx639
2023-06-19 09:27:51 DEBUG myLine: Liam,Turner,25,consultant,xx640
2023-06-19 09:27:51 DEBUG myLine: Ava,Cooper,32,employee,xx641
2023-06-19 09:27:51 DEBUG myLine: Olivia,Smith,29,consultant,xx642
2023-06-19 09:27:51 DEBUG myLine: William,Walker,31,employee,xx643
2023-06-19 09:27:51 DEBUG myLine: Charlotte,Roberts,27,consultant,xx644
2023-06-19 09:27:51 DEBUG myLine: James,Morgan,34,employee,xx645
2023-06-19 09:27:51 DEBUG myLine: Sophia,Evans,26,consultant,xx646
2023-06-19 09:27:51 DEBUG myLine: Ethan,Baker,30,employee,xx647
2023-06-19 09:27:51 DEBUG myLine: Mia,Clark,28,consultant,xx648
2023-06-19 09:27:51 DEBUG myLine: Noah,Adams,33,employee,xx649
2023-06-19 09:27:51 DEBUG myLine: Emma,Hill,30,employee,xx650
2023-06-19 09:27:51 DEBUG myLine: Liam,Turner,25,consultant,xx651
2023-06-19 09:27:51 DEBUG myLine: Ava,Allen,32,employee,xx652
2023-06-19 09:27:51 DEBUG myLine: Olivia,Hall,29,consultant,xx653
2023-06-19 09:27:51 DEBUG myLine: William,Morris,31,employee,xx654
2023-06-19 09:27:51 DEBUG myLine: Charlotte,Jackson,27,consultant,xx655
2023-06-19 09:27:51 DEBUG myLine: James,Williams,34,employee,xx656
2023-06-19 09:27:51 DEBUG myLine: Sophia,Davis,26,consultant,xx657
2023-06-19 09:27:51 DEBUG myLine: Ethan,Robinson,30,employee,xx658
2023-06-19 09:27:51 DEBUG myLine: Mia,Hall,28,consultant,xx659
2023-06-19 09:27:51 DEBUG myLine: Noah,Carter,33,employee,xx660
2023-06-19 09:27:51 DEBUG myLine: Emma,Phillips,30,consultant,xx661
2023-06-19 09:27:51 DEBUG myLine: Liam,Turner,25,consultant,xx662
2023-06-19 09:27:51 DEBUG myLine: Ava,Cooper,32,employee,xx663
2023-06-19 09:27:51 DEBUG myLine: Olivia,Smith,29,consultant,xx664
2023-06-19 09:27:51 DEBUG myLine: William,Walker,31,employee,xx665
2023-06-19 09:27:51 DEBUG myLine: Charlotte,Roberts,27,consultant,xx666
2023-06-19 09:27:51 DEBUG myLine: James,Morgan,34,employee,xx667
2023-06-19 09:27:51 DEBUG myLine: Sophia,Evans,26,consultant,xx668
2023-06-19 09:27:51 DEBUG myLine: Ethan,Baker,30,employee,xx669
2023-06-19 09:27:51 DEBUG myLine: Mia,Clark,28,consultant,xx670
2023-06-19 09:27:51 DEBUG myLine: Noah,Adams,33,employee,xx671
2023-06-19 09:27:51 DEBUG myLine: Emma,Hill,30,employee,xx672
2023-06-19 09:27:51 DEBUG myLine: Liam,Turner,25,consultant,xx673
2023-06-19 09:27:51 DEBUG myLine: Ava,Allen,32,employee,xx674
2023-06-19 09:27:51 DEBUG myLine: Olivia,Hall,29,consultant,xx675
2023-06-19 09:27:51 DEBUG myLine: William,Morris,31,employee,xx676
2023-06-19 09:27:51 DEBUG myLine: Charlotte,Jackson,27,consultant,xx677
2023-06-19 09:27:51 DEBUG myLine: James,Williams,34,employee,xx678
2023-06-19 09:27:51 DEBUG myLine: Sophia,Davis,26,consultant,xx679
2023-06-19 09:27:51 DEBUG myLine: Ethan,Robinson,30,employee,xx680
2023-06-19 09:27:51 DEBUG myLine: Mia,Hall,28,consultant,xx681
2023-06-19 09:27:51 DEBUG myLine: Noah,Carter,33,employee,xx682
2023-06-19 09:27:51 DEBUG myLine: Emma,Phillips,30,consultant,xx683
2023-06-19 09:27:51 DEBUG myLine: Liam,Turner,25,consultant,xx684
2023-06-19 09:27:51 DEBUG myLine: Ava,Cooper,32,employee,xx685
2023-06-19 09:27:51 DEBUG myLine: Olivia,Smith,29,consultant,xx686
2023-06-19 09:27:51 DEBUG myLine: William,Walker,31,employee,xx687
2023-06-19 09:27:51 DEBUG myLine: Charlotte,Roberts,27,consultant,xx688
2023-06-19 09:27:51 DEBUG myLine: James,Morgan,34,employee,xx689
2023-06-19 09:27:51 DEBUG myLine: Sophia,Evans,26,consultant,xx690
2023-06-19 09:27:51 DEBUG myLine: Ethan,Baker,30,employee,xx691
2023-06-19 09:27:51 DEBUG myLine: Mia,Clark,28,consultant,xx692
2023-06-19 09:27:51 DEBUG myLine: Noah,Adams,33,employee,xx693
2023-06-19 09:27:51 DEBUG myLine: Emma,Hill,30,employee,xx694
2023-06-19 09:27:51 DEBUG myLine: Liam,Turner,25,consultant,xx695
2023-06-19 09:27:51 DEBUG myLine: Ava,Allen,32,employee,xx696
2023-06-19 09:27:51 DEBUG myLine: Olivia,Hall,29,consultant,xx697
2023-06-19 09:27:51 DEBUG myLine: William,Morris,31,employee,xx698
2023-06-19 09:27:51 DEBUG myLine: Charlotte,Jackson,27,consultant,xx699
2023-06-19 09:27:51 DEBUG myLine: James,Williams,34,employee,xx700
2023-06-19 09:27:51 DEBUG myLine: Sophia,Davis,26,consultant,xx701
2023-06-19 09:27:51 DEBUG myLine: Ethan,Robinson,30,employee,xx702
2023-06-19 09:27:51 DEBUG myLine: Mia,Hall,28,consultant,xx703
2023-06-19 09:27:51 DEBUG myLine: Noah,Carter,33,employee,xx704
2023-06-19 09:27:51 DEBUG myLine: Emma,Phillips,30,consultant,xx705
2023-06-19 09:27:51 DEBUG myLine: Liam,Turner,25,consultant,xx706
2023-06-19 09:27:51 DEBUG myLine: Ava,Cooper,32,employee,xx707
2023-06-19 09:27:51 DEBUG myLine: Olivia,Smith,29,consultant,xx708
2023-06-19 09:27:51 DEBUG myLine: William,Walker,31,employee,xx709
2023-06-19 09:27:51 DEBUG myLine: Charlotte,Roberts,27,consultant,xx710
2023-06-19 09:27:51 DEBUG myLine: James,Morgan,34,employee,xx711
2023-06-19 09:27:51 DEBUG myLine: Sophia,Evans,26,consultant,xx712
2023-06-19 09:27:51 DEBUG myLine: Ethan,Baker,30,employee,xx713
2023-06-19 09:27:51 DEBUG myLine: Mia,Clark,28,consultant,xx714
2023-06-19 09:27:51 DEBUG myLine: Noah,Adams,33,employee,xx715
2023-06-19 09:27:51 DEBUG myLine: Emma,Hill,30,employee,xx716
2023-06-19 09:27:51 DEBUG myLine: Liam,Turner,25,consultant,xx717
2023-06-19 09:27:51 DEBUG myLine: Ava,Allen,32,employee,xx718
2023-06-19 09:27:51 DEBUG myLine: Olivia,Hall,29,consultant,xx719
2023-06-19 09:27:51 DEBUG myLine: William,Morris,31,employee,xx720
2023-06-19 09:27:51 DEBUG myLine: Charlotte,Jackson,27,consultant,xx721
2023-06-19 09:27:51 DEBUG myLine: James,Williams,34,employee,xx722
2023-06-19 09:27:51 DEBUG myLine: Sophia,Davis,26,consultant,xx723
2023-06-19 09:27:51 DEBUG myLine: Ethan,Robinson,30,employee,xx724
2023-06-19 09:27:51 DEBUG myLine: Mia,Hall,28,consultant,xx725
2023-06-19 09:27:51 DEBUG myLine: Noah,Carter,33,employee,xx726
2023-06-19 09:27:51 DEBUG myLine: Emma,Phillips,30,consultant,xx727
2023-06-19 09:27:51 DEBUG myLine: Liam,Turner,25,consultant,xx728
2023-06-19 09:27:51 DEBUG myLine: Ava,Cooper,32,employee,xx729
2023-06-19 09:27:51 DEBUG myLine: Olivia,Smith,29,consultant,xx730
2023-06-19 09:27:51 DEBUG myLine: William,Walker,31,employee,xx731
2023-06-19 09:27:51 DEBUG myLine: Charlotte,Roberts,27,consultant,xx732
2023-06-19 09:27:51 DEBUG myLine: James,Morgan,34,employee,xx733
2023-06-19 09:27:51 DEBUG myLine: Sophia,Evans,26,consultant,xx734
2023-06-19 09:27:51 DEBUG myLine: Ethan,Baker,30,employee,xx735
2023-06-19 09:27:51 DEBUG myLine: Mia,Clark,28,consultant,xx736
2023-06-19 09:27:51 DEBUG myLine: Noah,Adams,33,employee,xx737
2023-06-19 09:27:51 DEBUG myLine: Emma,Hill,30,employee,xx738
2023-06-19 09:27:51 DEBUG myLine: Liam,Turner,25,consultant,xx739
2023-06-19 09:27:51 DEBUG myLine: Ava,Allen,32,employee,xx740
2023-06-19 09:27:51 DEBUG myLine: Olivia,Hall,29,consultant,xx741
2023-06-19 09:27:51 DEBUG myLine: William,Morris,31,employee,xx742
2023-06-19 09:27:51 DEBUG myLine: Charlotte,Jackson,27,consultant,xx743
2023-06-19 09:27:51 DEBUG myLine: James,Williams,34,employee,xx744
2023-06-19 09:27:51 DEBUG myLine: Sophia,Davis,26,consultant,xx745
2023-06-19 09:27:51 DEBUG myLine: Ethan,Robinson,30,employee,xx746
2023-06-19 09:27:51 DEBUG myLine: Mia,Hall,28,consultant,xx747
2023-06-19 09:27:51 DEBUG myLine: Noah,Carter,33,employee,xx748
2023-06-19 09:27:51 DEBUG myLine: Emma,Phillips,30,consultant,xx749
2023-06-19 09:27:51 DEBUG myLine: Liam,Turner,25,consultant,xx750
2023-06-19 09:27:51 DEBUG myLine: Ava,Cooper,32,employee,xx751
2023-06-19 09:27:51 DEBUG myLine: Olivia,Smith,29,consultant,xx752
2023-06-19 09:27:51 DEBUG myLine: William,Walker,31,employee,xx753
2023-06-19 09:27:51 DEBUG myLine: Charlotte,Roberts,27,consultant,xx754
2023-06-19 09:27:51 DEBUG myLine: James,Morgan,34,employee,xx755
2023-06-19 09:27:51 DEBUG myLine: Sophia,Evans,26,consultant,xx756
2023-06-19 09:27:51 DEBUG myLine: Ethan,Baker,30,employee,xx757
2023-06-19 09:27:51 DEBUG myLine: Mia,Clark,28,consultant,xx758
2023-06-19 09:27:51 DEBUG myLine: Noah,Adams,33,employee,xx759
2023-06-19 09:27:51 DEBUG myLine: Emma,Hill,30,employee,xx760
2023-06-19 09:27:51 DEBUG myLine: Liam,Turner,25,consultant,xx761
2023-06-19 09:27:51 DEBUG myLine: Ava,Allen,32,employee,xx762
2023-06-19 09:27:51 DEBUG myLine: Olivia,Hall,29,consultant,xx763
2023-06-19 09:27:51 DEBUG myLine: William,Morris,31,employee,xx764
2023-06-19 09:27:51 DEBUG myLine: Charlotte,Jackson,27,consultant,xx765
2023-06-19 09:27:51 DEBUG myLine: James,Williams,34,employee,xx766
2023-06-19 09:27:51 DEBUG myLine: Sophia,Davis,26,consultant,xx767
2023-06-19 09:27:51 DEBUG myLine: Ethan,Robinson,30,employee,xx768
2023-06-19 09:27:51 DEBUG myLine: Mia,Hall,28,consultant,xx769
2023-06-19 09:27:51 DEBUG myLine: Noah,Carter,33,employee,xx770
2023-06-19 09:27:51 DEBUG myLine: Emma,Phillips,30,consultant,xx771
2023-06-19 09:27:51 DEBUG myLine: Liam,Turner,25,consultant,xx772
2023-06-19 09:27:51 DEBUG myLine: Ava,Cooper,32,employee,xx773
2023-06-19 09:27:51 DEBUG myLine: Olivia,Smith,29,consultant,xx774
2023-06-19 09:27:51 DEBUG myLine: William,Walker,31,employee,xx775
2023-06-19 09:27:52 DEBUG Input and output have closed
2023-06-19 09:27:52 DEBUG Status is STOPPED
